  DLL Copy
  C:\Users\dylmr\Google Drive\ARGO_2018_19_D\Assets\Animations-Enemy\enemy1_idle.png
  C:\Users\dylmr\Google Drive\ARGO_2018_19_D\Assets\Animations-Enemy\enemy1_walk.png
  C:\Users\dylmr\Google Drive\ARGO_2018_19_D\Assets\Animations-Enemy\enemy1_walking.png
  C:\Users\dylmr\Google Drive\ARGO_2018_19_D\Assets\Animations-Enemy\enemy2_idle.png
  C:\Users\dylmr\Google Drive\ARGO_2018_19_D\Assets\Animations-Enemy\enemy2_walk.png
  C:\Users\dylmr\Google Drive\ARGO_2018_19_D\Assets\Animations-Enemy\enemy2_walking.png
  C:\Users\dylmr\Google Drive\ARGO_2018_19_D\Assets\Animations-Enemy\enemy3_idle.png
  C:\Users\dylmr\Google Drive\ARGO_2018_19_D\Assets\Animations-Enemy\enemy3_walk.png
  C:\Users\dylmr\Google Drive\ARGO_2018_19_D\Assets\Animations-Enemy\enemy3_walking.png
  C:\Users\dylmr\Google Drive\ARGO_2018_19_D\Assets\LEVEL ONE\BACKGROUNDS.ai
  C:\Users\dylmr\Google Drive\ARGO_2018_19_D\Assets\LEVEL ONE\BACKGROUNDS_BACKGROUND.png
  C:\Users\dylmr\Google Drive\ARGO_2018_19_D\Assets\LEVEL ONE\BACKGROUNDS_SECTION 1 TRANS.png
  C:\Users\dylmr\Google Drive\ARGO_2018_19_D\Assets\LEVEL ONE\BACKGROUNDS_SECTION 1.png
  C:\Users\dylmr\Google Drive\ARGO_2018_19_D\Assets\LEVEL ONE\BACKGROUNDS_SECTION 2 TRANS.png
  C:\Users\dylmr\Google Drive\ARGO_2018_19_D\Assets\LEVEL ONE\BACKGROUNDS_SECTION 2.png
  C:\Users\dylmr\Google Drive\ARGO_2018_19_D\Assets\LEVEL ONE\BACKGROUNDS_SECTION 3 TRANS.png
  C:\Users\dylmr\Google Drive\ARGO_2018_19_D\Assets\LEVEL ONE\BACKGROUNDS_SECTION 3.png
  C:\Users\dylmr\Google Drive\ARGO_2018_19_D\Assets\Players\player1_assault.png
  C:\Users\dylmr\Google Drive\ARGO_2018_19_D\Assets\Players\player1_hand_gun.png
  C:\Users\dylmr\Google Drive\ARGO_2018_19_D\Assets\Players\player2_assault.png
  C:\Users\dylmr\Google Drive\ARGO_2018_19_D\Assets\Players\player2_hand_gun.png
  C:\Users\dylmr\Google Drive\ARGO_2018_19_D\Assets\Players\player2_mini.png
  C:\Users\dylmr\Google Drive\ARGO_2018_19_D\Assets\Players\player3_hand_gun.png
  C:\Users\dylmr\Google Drive\ARGO_2018_19_D\Assets\Players\player3_mini.png
  C:\Users\dylmr\Google Drive\ARGO_2018_19_D\Assets\Players\player3_sword.png
  C:\Users\dylmr\Google Drive\ARGO_2018_19_D\Assets\TILESHEET\TILESHEET.png
  C:\Users\dylmr\Google Drive\ARGO_2018_19_D\Assets\TILESHEET\TILEWIP copy.ai
  C:\Users\dylmr\Google Drive\ARGO_2018_19_D\Assets\TILESHEET\TILEWIP-01.png
  C:\Users\dylmr\Google Drive\ARGO_2018_19_D\Assets\TILESHEET\TILEWIP_ARCANE SYMBOL.png
  C:\Users\dylmr\Google Drive\ARGO_2018_19_D\Assets\TILESHEET\TILEWIP_Artboard 30.png
  C:\Users\dylmr\Google Drive\ARGO_2018_19_D\Assets\TILESHEET\TILEWIP_BORDER ROCK.png
  C:\Users\dylmr\Google Drive\ARGO_2018_19_D\Assets\TILESHEET\TILEWIP_DIAMOND DIRT.png
  C:\Users\dylmr\Google Drive\ARGO_2018_19_D\Assets\TILESHEET\TILEWIP_DIAMOND.png
  C:\Users\dylmr\Google Drive\ARGO_2018_19_D\Assets\TILESHEET\TILEWIP_DIRT BASE LEFT.png
  C:\Users\dylmr\Google Drive\ARGO_2018_19_D\Assets\TILESHEET\TILEWIP_DIRT BASE RIGHT.png
  C:\Users\dylmr\Google Drive\ARGO_2018_19_D\Assets\TILESHEET\TILEWIP_DIRT BASE.png
  C:\Users\dylmr\Google Drive\ARGO_2018_19_D\Assets\TILESHEET\TILEWIP_DIRT PLAIN.png
  C:\Users\dylmr\Google Drive\ARGO_2018_19_D\Assets\TILESHEET\TILEWIP_DIRT ROCKS.png
  C:\Users\dylmr\Google Drive\ARGO_2018_19_D\Assets\TILESHEET\TILEWIP_FOSSIL ROCK MIDDLE.png
  C:\Users\dylmr\Google Drive\ARGO_2018_19_D\Assets\TILESHEET\TILEWIP_GOLD DIRT MIDDLE.png
  C:\Users\dylmr\Google Drive\ARGO_2018_19_D\Assets\TILESHEET\TILEWIP_GRASS MIDDLE.png
  C:\Users\dylmr\Google Drive\ARGO_2018_19_D\Assets\TILESHEET\TILEWIP_GRASS VERGE LEFT ROCK.png
  C:\Users\dylmr\Google Drive\ARGO_2018_19_D\Assets\TILESHEET\TILEWIP_GRASS VERGE LEFT.png
  C:\Users\dylmr\Google Drive\ARGO_2018_19_D\Assets\TILESHEET\TILEWIP_GRASS VERGE MIDDLE.png
  C:\Users\dylmr\Google Drive\ARGO_2018_19_D\Assets\TILESHEET\TILEWIP_GRASS VERGE RIGHT ROCKS.png
  C:\Users\dylmr\Google Drive\ARGO_2018_19_D\Assets\TILESHEET\TILEWIP_GRASS VERGE RIGHT.png
  C:\Users\dylmr\Google Drive\ARGO_2018_19_D\Assets\TILESHEET\TILEWIP_LEVEL II DEVIL DIRT.png
  C:\Users\dylmr\Google Drive\ARGO_2018_19_D\Assets\TILESHEET\TILEWIP_LEVEL III BOSS DIRT.png
  C:\Users\dylmr\Google Drive\ARGO_2018_19_D\Assets\TILESHEET\TILEWIP_MIDDLE ROCK GRASS.png
  C:\Users\dylmr\Google Drive\ARGO_2018_19_D\Assets\TILESHEET\TILEWIP_MIDDLE ROCK.png
  C:\Users\dylmr\Google Drive\ARGO_2018_19_D\Assets\TILESHEET\TILEWIP_ROCK ARCANE.png
  C:\Users\dylmr\Google Drive\ARGO_2018_19_D\Assets\TILESHEET\TILEWIP_ROCK BASE.png
  C:\Users\dylmr\Google Drive\ARGO_2018_19_D\Assets\TILESHEET\TILEWIP_ROCK MIDDLE GRASS.png
  C:\Users\dylmr\Google Drive\ARGO_2018_19_D\Assets\TILESHEET\TILEWIP_ROCK MIDDLE-09.png
  C:\Users\dylmr\Google Drive\ARGO_2018_19_D\Assets\TILESHEET\TILEWIP_ROCK MIDDLE-15.png
  C:\Users\dylmr\Google Drive\ARGO_2018_19_D\Assets\TILESHEET\TILEWIP_ROCK TOP LEFT.png
  C:\Users\dylmr\Google Drive\ARGO_2018_19_D\Assets\TILESHEET\TILEWIP_ROCK TOP RIGHT.png
  C:\Users\dylmr\Google Drive\ARGO_2018_19_D\Assets\TILESHEET\TILEWIP_SKULL DIRT ROCKS.png
  C:\Users\dylmr\Google Drive\ARGO_2018_19_D\Assets\TILESHEET\TILEWIP_SKULL MAIN.png
  C:\Users\dylmr\Google Drive\ARGO_2018_19_D\Assets\TILESHEET\TILEWIP_SKULLS.png
  C:\Users\dylmr\Google Drive\ARGO_2018_19_D\Assets\Weapons\hand_gun.png
  C:\Users\dylmr\Google Drive\ARGO_2018_19_D\Assets\Weapons\mini_gun.png
  C:\Users\dylmr\Google Drive\ARGO_2018_19_D\Assets\Weapons\sword.png
  63 File(s) copied
  main.cpp
c:\users\dylmr\documents\argo_2018_19_d\argo_team_d\argo_team_d\ecs\components\animationcomponent.h(38): warning C4018: '>': signed/unsigned mismatch
c:\users\dylmr\documents\argo_2018_19_d\argo_team_d\argo_team_d\utils\tutorialtrigger.h(27): warning C4244: '=': conversion from 'const float' to 'int', possible loss of data
c:\users\dylmr\documents\argo_2018_19_d\argo_team_d\argo_team_d\utils\tutorialtrigger.h(28): warning C4244: '=': conversion from 'const float' to 'int', possible loss of data
c:\users\dylmr\documents\argo_2018_19_d\argo_team_d\argo_team_d\utils\tutorialtrigger.h(46): warning C4244: '=': conversion from 'float' to 'int', possible loss of data
c:\users\dylmr\documents\argo_2018_19_d\argo_team_d\argo_team_d\utils\tutorialtrigger.h(47): warning C4244: '=': conversion from 'float' to 'int', possible loss of data
c:\users\dylmr\documents\argo_2018_19_d\argo_team_d\argo_team_d\utils\tutorialtrigger.h(58): warning C4244: '=': conversion from 'float' to 'int', possible loss of data
c:\users\dylmr\documents\argo_2018_19_d\argo_team_d\argo_team_d\utils\tutorialtrigger.h(59): warning C4244: '=': conversion from 'float' to 'int', possible loss of data
c:\users\dylmr\documents\argo_2018_19_d\argo_team_d\argo_team_d\ai\actions.h(177): warning C4244: 'argument': conversion from 'int' to 'float', possible loss of data
     Creating library C:\Users\dylmr\Documents\ARGO_2018_19_D\ARGO_Team_D\Release\ARGO_Team_D.lib and object C:\Users\dylmr\Documents\ARGO_2018_19_D\ARGO_Team_D\Release\ARGO_Team_D.exp
  Generating code
c:\users\dylmr\documents\argo_2018_19_d\argo_team_d\argo_team_d\resource manager\soundresource.h(22): warning C4715: 'SoundResource::getSound': not all control paths return a value
c:\users\dylmr\documents\argo_2018_19_d\argo_team_d\argo_team_d\client\client.cpp(61): warning C4715: 'Client::Send': not all control paths return a value
c:\users\dylmr\documents\argo_2018_19_d\argo_team_d\argo_team_d\resource manager\imageresource.h(22): warning C4715: 'ImageResource::getTexture': not all control paths return a value
  All 6096 functions were compiled because no usable IPDB/IOBJ from previous compilation was found.
  Finished generating code
Box2D.lib(b2ChainShape.obj) : warning LNK4099: PDB 'Box2D.pdb' was not found with 'Box2D.lib(b2ChainShape.obj)' or at 'C:\Users\dylmr\Documents\ARGO_2018_19_D\ARGO_Team_D\Release\Box2D.pdb'; linking object as if no debug info
Box2D.lib(b2CircleShape.obj) : warning LNK4099: PDB 'Box2D.pdb' was not found with 'Box2D.lib(b2CircleShape.obj)' or at 'C:\Users\dylmr\Documents\ARGO_2018_19_D\ARGO_Team_D\Release\Box2D.pdb'; linking object as if no debug info
Box2D.lib(b2EdgeShape.obj) : warning LNK4099: PDB 'Box2D.pdb' was not found with 'Box2D.lib(b2EdgeShape.obj)' or at 'C:\Users\dylmr\Documents\ARGO_2018_19_D\ARGO_Team_D\Release\Box2D.pdb'; linking object as if no debug info
Box2D.lib(b2PolygonShape.obj) : warning LNK4099: PDB 'Box2D.pdb' was not found with 'Box2D.lib(b2PolygonShape.obj)' or at 'C:\Users\dylmr\Documents\ARGO_2018_19_D\ARGO_Team_D\Release\Box2D.pdb'; linking object as if no debug info
Box2D.lib(b2BroadPhase.obj) : warning LNK4099: PDB 'Box2D.pdb' was not found with 'Box2D.lib(b2BroadPhase.obj)' or at 'C:\Users\dylmr\Documents\ARGO_2018_19_D\ARGO_Team_D\Release\Box2D.pdb'; linking object as if no debug info
Box2D.lib(b2CollideCircle.obj) : warning LNK4099: PDB 'Box2D.pdb' was not found with 'Box2D.lib(b2CollideCircle.obj)' or at 'C:\Users\dylmr\Documents\ARGO_2018_19_D\ARGO_Team_D\Release\Box2D.pdb'; linking object as if no debug info
Box2D.lib(b2CollideEdge.obj) : warning LNK4099: PDB 'Box2D.pdb' was not found with 'Box2D.lib(b2CollideEdge.obj)' or at 'C:\Users\dylmr\Documents\ARGO_2018_19_D\ARGO_Team_D\Release\Box2D.pdb'; linking object as if no debug info
Box2D.lib(b2CollidePolygon.obj) : warning LNK4099: PDB 'Box2D.pdb' was not found with 'Box2D.lib(b2CollidePolygon.obj)' or at 'C:\Users\dylmr\Documents\ARGO_2018_19_D\ARGO_Team_D\Release\Box2D.pdb'; linking object as if no debug info
Box2D.lib(b2Collision.obj) : warning LNK4099: PDB 'Box2D.pdb' was not found with 'Box2D.lib(b2Collision.obj)' or at 'C:\Users\dylmr\Documents\ARGO_2018_19_D\ARGO_Team_D\Release\Box2D.pdb'; linking object as if no debug info
Box2D.lib(b2Distance.obj) : warning LNK4099: PDB 'Box2D.pdb' was not found with 'Box2D.lib(b2Distance.obj)' or at 'C:\Users\dylmr\Documents\ARGO_2018_19_D\ARGO_Team_D\Release\Box2D.pdb'; linking object as if no debug info
Box2D.lib(b2DynamicTree.obj) : warning LNK4099: PDB 'Box2D.pdb' was not found with 'Box2D.lib(b2DynamicTree.obj)' or at 'C:\Users\dylmr\Documents\ARGO_2018_19_D\ARGO_Team_D\Release\Box2D.pdb'; linking object as if no debug info
Box2D.lib(b2TimeOfImpact.obj) : warning LNK4099: PDB 'Box2D.pdb' was not found with 'Box2D.lib(b2TimeOfImpact.obj)' or at 'C:\Users\dylmr\Documents\ARGO_2018_19_D\ARGO_Team_D\Release\Box2D.pdb'; linking object as if no debug info
Box2D.lib(b2BlockAllocator.obj) : warning LNK4099: PDB 'Box2D.pdb' was not found with 'Box2D.lib(b2BlockAllocator.obj)' or at 'C:\Users\dylmr\Documents\ARGO_2018_19_D\ARGO_Team_D\Release\Box2D.pdb'; linking object as if no debug info
Box2D.lib(b2Draw.obj) : warning LNK4099: PDB 'Box2D.pdb' was not found with 'Box2D.lib(b2Draw.obj)' or at 'C:\Users\dylmr\Documents\ARGO_2018_19_D\ARGO_Team_D\Release\Box2D.pdb'; linking object as if no debug info
Box2D.lib(b2Math.obj) : warning LNK4099: PDB 'Box2D.pdb' was not found with 'Box2D.lib(b2Math.obj)' or at 'C:\Users\dylmr\Documents\ARGO_2018_19_D\ARGO_Team_D\Release\Box2D.pdb'; linking object as if no debug info
Box2D.lib(b2Settings.obj) : warning LNK4099: PDB 'Box2D.pdb' was not found with 'Box2D.lib(b2Settings.obj)' or at 'C:\Users\dylmr\Documents\ARGO_2018_19_D\ARGO_Team_D\Release\Box2D.pdb'; linking object as if no debug info
Box2D.lib(b2StackAllocator.obj) : warning LNK4099: PDB 'Box2D.pdb' was not found with 'Box2D.lib(b2StackAllocator.obj)' or at 'C:\Users\dylmr\Documents\ARGO_2018_19_D\ARGO_Team_D\Release\Box2D.pdb'; linking object as if no debug info
Box2D.lib(b2Timer.obj) : warning LNK4099: PDB 'Box2D.pdb' was not found with 'Box2D.lib(b2Timer.obj)' or at 'C:\Users\dylmr\Documents\ARGO_2018_19_D\ARGO_Team_D\Release\Box2D.pdb'; linking object as if no debug info
Box2D.lib(b2ChainAndCircleContact.obj) : warning LNK4099: PDB 'Box2D.pdb' was not found with 'Box2D.lib(b2ChainAndCircleContact.obj)' or at 'C:\Users\dylmr\Documents\ARGO_2018_19_D\ARGO_Team_D\Release\Box2D.pdb'; linking object as if no debug info
Box2D.lib(b2ChainAndPolygonContact.obj) : warning LNK4099: PDB 'Box2D.pdb' was not found with 'Box2D.lib(b2ChainAndPolygonContact.obj)' or at 'C:\Users\dylmr\Documents\ARGO_2018_19_D\ARGO_Team_D\Release\Box2D.pdb'; linking object as if no debug info
Box2D.lib(b2CircleContact.obj) : warning LNK4099: PDB 'Box2D.pdb' was not found with 'Box2D.lib(b2CircleContact.obj)' or at 'C:\Users\dylmr\Documents\ARGO_2018_19_D\ARGO_Team_D\Release\Box2D.pdb'; linking object as if no debug info
Box2D.lib(b2Contact.obj) : warning LNK4099: PDB 'Box2D.pdb' was not found with 'Box2D.lib(b2Contact.obj)' or at 'C:\Users\dylmr\Documents\ARGO_2018_19_D\ARGO_Team_D\Release\Box2D.pdb'; linking object as if no debug info
Box2D.lib(b2ContactSolver.obj) : warning LNK4099: PDB 'Box2D.pdb' was not found with 'Box2D.lib(b2ContactSolver.obj)' or at 'C:\Users\dylmr\Documents\ARGO_2018_19_D\ARGO_Team_D\Release\Box2D.pdb'; linking object as if no debug info
Box2D.lib(b2EdgeAndCircleContact.obj) : warning LNK4099: PDB 'Box2D.pdb' was not found with 'Box2D.lib(b2EdgeAndCircleContact.obj)' or at 'C:\Users\dylmr\Documents\ARGO_2018_19_D\ARGO_Team_D\Release\Box2D.pdb'; linking object as if no debug info
Box2D.lib(b2EdgeAndPolygonContact.obj) : warning LNK4099: PDB 'Box2D.pdb' was not found with 'Box2D.lib(b2EdgeAndPolygonContact.obj)' or at 'C:\Users\dylmr\Documents\ARGO_2018_19_D\ARGO_Team_D\Release\Box2D.pdb'; linking object as if no debug info
Box2D.lib(b2PolygonAndCircleContact.obj) : warning LNK4099: PDB 'Box2D.pdb' was not found with 'Box2D.lib(b2PolygonAndCircleContact.obj)' or at 'C:\Users\dylmr\Documents\ARGO_2018_19_D\ARGO_Team_D\Release\Box2D.pdb'; linking object as if no debug info
Box2D.lib(b2PolygonContact.obj) : warning LNK4099: PDB 'Box2D.pdb' was not found with 'Box2D.lib(b2PolygonContact.obj)' or at 'C:\Users\dylmr\Documents\ARGO_2018_19_D\ARGO_Team_D\Release\Box2D.pdb'; linking object as if no debug info
Box2D.lib(b2DistanceJoint.obj) : warning LNK4099: PDB 'Box2D.pdb' was not found with 'Box2D.lib(b2DistanceJoint.obj)' or at 'C:\Users\dylmr\Documents\ARGO_2018_19_D\ARGO_Team_D\Release\Box2D.pdb'; linking object as if no debug info
Box2D.lib(b2FrictionJoint.obj) : warning LNK4099: PDB 'Box2D.pdb' was not found with 'Box2D.lib(b2FrictionJoint.obj)' or at 'C:\Users\dylmr\Documents\ARGO_2018_19_D\ARGO_Team_D\Release\Box2D.pdb'; linking object as if no debug info
Box2D.lib(b2GearJoint.obj) : warning LNK4099: PDB 'Box2D.pdb' was not found with 'Box2D.lib(b2GearJoint.obj)' or at 'C:\Users\dylmr\Documents\ARGO_2018_19_D\ARGO_Team_D\Release\Box2D.pdb'; linking object as if no debug info
Box2D.lib(b2Joint.obj) : warning LNK4099: PDB 'Box2D.pdb' was not found with 'Box2D.lib(b2Joint.obj)' or at 'C:\Users\dylmr\Documents\ARGO_2018_19_D\ARGO_Team_D\Release\Box2D.pdb'; linking object as if no debug info
Box2D.lib(b2MotorJoint.obj) : warning LNK4099: PDB 'Box2D.pdb' was not found with 'Box2D.lib(b2MotorJoint.obj)' or at 'C:\Users\dylmr\Documents\ARGO_2018_19_D\ARGO_Team_D\Release\Box2D.pdb'; linking object as if no debug info
Box2D.lib(b2MouseJoint.obj) : warning LNK4099: PDB 'Box2D.pdb' was not found with 'Box2D.lib(b2MouseJoint.obj)' or at 'C:\Users\dylmr\Documents\ARGO_2018_19_D\ARGO_Team_D\Release\Box2D.pdb'; linking object as if no debug info
Box2D.lib(b2PrismaticJoint.obj) : warning LNK4099: PDB 'Box2D.pdb' was not found with 'Box2D.lib(b2PrismaticJoint.obj)' or at 'C:\Users\dylmr\Documents\ARGO_2018_19_D\ARGO_Team_D\Release\Box2D.pdb'; linking object as if no debug info
Box2D.lib(b2PulleyJoint.obj) : warning LNK4099: PDB 'Box2D.pdb' was not found with 'Box2D.lib(b2PulleyJoint.obj)' or at 'C:\Users\dylmr\Documents\ARGO_2018_19_D\ARGO_Team_D\Release\Box2D.pdb'; linking object as if no debug info
Box2D.lib(b2RevoluteJoint.obj) : warning LNK4099: PDB 'Box2D.pdb' was not found with 'Box2D.lib(b2RevoluteJoint.obj)' or at 'C:\Users\dylmr\Documents\ARGO_2018_19_D\ARGO_Team_D\Release\Box2D.pdb'; linking object as if no debug info
Box2D.lib(b2RopeJoint.obj) : warning LNK4099: PDB 'Box2D.pdb' was not found with 'Box2D.lib(b2RopeJoint.obj)' or at 'C:\Users\dylmr\Documents\ARGO_2018_19_D\ARGO_Team_D\Release\Box2D.pdb'; linking object as if no debug info
Box2D.lib(b2WeldJoint.obj) : warning LNK4099: PDB 'Box2D.pdb' was not found with 'Box2D.lib(b2WeldJoint.obj)' or at 'C:\Users\dylmr\Documents\ARGO_2018_19_D\ARGO_Team_D\Release\Box2D.pdb'; linking object as if no debug info
Box2D.lib(b2WheelJoint.obj) : warning LNK4099: PDB 'Box2D.pdb' was not found with 'Box2D.lib(b2WheelJoint.obj)' or at 'C:\Users\dylmr\Documents\ARGO_2018_19_D\ARGO_Team_D\Release\Box2D.pdb'; linking object as if no debug info
Box2D.lib(b2Body.obj) : warning LNK4099: PDB 'Box2D.pdb' was not found with 'Box2D.lib(b2Body.obj)' or at 'C:\Users\dylmr\Documents\ARGO_2018_19_D\ARGO_Team_D\Release\Box2D.pdb'; linking object as if no debug info
Box2D.lib(b2ContactManager.obj) : warning LNK4099: PDB 'Box2D.pdb' was not found with 'Box2D.lib(b2ContactManager.obj)' or at 'C:\Users\dylmr\Documents\ARGO_2018_19_D\ARGO_Team_D\Release\Box2D.pdb'; linking object as if no debug info
Box2D.lib(b2Fixture.obj) : warning LNK4099: PDB 'Box2D.pdb' was not found with 'Box2D.lib(b2Fixture.obj)' or at 'C:\Users\dylmr\Documents\ARGO_2018_19_D\ARGO_Team_D\Release\Box2D.pdb'; linking object as if no debug info
Box2D.lib(b2Island.obj) : warning LNK4099: PDB 'Box2D.pdb' was not found with 'Box2D.lib(b2Island.obj)' or at 'C:\Users\dylmr\Documents\ARGO_2018_19_D\ARGO_Team_D\Release\Box2D.pdb'; linking object as if no debug info
Box2D.lib(b2World.obj) : warning LNK4099: PDB 'Box2D.pdb' was not found with 'Box2D.lib(b2World.obj)' or at 'C:\Users\dylmr\Documents\ARGO_2018_19_D\ARGO_Team_D\Release\Box2D.pdb'; linking object as if no debug info
Box2D.lib(b2WorldCallbacks.obj) : warning LNK4099: PDB 'Box2D.pdb' was not found with 'Box2D.lib(b2WorldCallbacks.obj)' or at 'C:\Users\dylmr\Documents\ARGO_2018_19_D\ARGO_Team_D\Release\Box2D.pdb'; linking object as if no debug info
  ARGO_Team_D.vcxproj -> C:\Users\dylmr\Documents\ARGO_2018_19_D\ARGO_Team_D\Release\ARGO_Team_D.exe
